<?xml version="1.0" encoding="UTF-8"?>
<!-- Generated by org.testng.reporters.JUnitReportReporter -->
<testsuite hostname="L-SHC-00425786" name="com.ebay.eunit.testfwk.TestNGTest" tests="12" failures="0" timestamp="16 May 2011 05:07:10 GMT" time="0.011" errors="0">
  <testcase name="test1" time="0.005" classname="com.ebay.eunit.testfwk.TestNGTest"/>
  <testcase name="test4" time="0.000" classname="com.ebay.eunit.testfwk.TestNGTest"/>
  <testcase name="test4" time="0.001" classname="com.ebay.eunit.testfwk.TestNGTest"/>
  <testcase name="test2" time="0.001" classname="com.ebay.eunit.testfwk.TestNGTest"/>
  <testcase name="test4" time="0.000" classname="com.ebay.eunit.testfwk.TestNGTest"/>
  <testcase name="test4" time="0.000" classname="com.ebay.eunit.testfwk.TestNGTest"/>
  <testcase name="test4" time="0.000" classname="com.ebay.eunit.testfwk.TestNGTest"/>
  <testcase name="test4" time="0.001" classname="com.ebay.eunit.testfwk.TestNGTest"/>
  <testcase name="test4" time="0.000" classname="com.ebay.eunit.testfwk.TestNGTest"/>
  <testcase name="test4" time="0.001" classname="com.ebay.eunit.testfwk.TestNGTest"/>
  <testcase name="test4" time="0.001" classname="com.ebay.eunit.testfwk.TestNGTest"/>
  <testcase name="test4" time="0.001" classname="com.ebay.eunit.testfwk.TestNGTest"/>
</testsuite>
